-- Found ament_cmake: 1.3.3 (/home/orin/disk/autodrrt_v2.0/install/ament_cmake/share/ament_cmake/cmake)
-- Found Python3: /usr/bin/python3.8 (found version "3.8.10") found components: Interpreter
-- Found example_interfaces: 0.9.3 (/home/orin/disk/autodrrt_v2.0/install/example_interfaces/share/example_interfaces/cmake)
-- Found rosidl_generator_c: 3.1.4 (/home/orin/disk/autodrrt_v2.0/install/rosidl_generator_c/share/rosidl_generator_c/cmake)
-- Found rosidl_adapter: 3.1.4 (/home/orin/disk/autodrrt_v2.0/install/rosidl_adapter/share/rosidl_adapter/cmake)
-- Found rosidl_generator_cpp: 3.1.4 (/home/orin/disk/autodrrt_v2.0/install/rosidl_generator_cpp/share/rosidl_generator_cpp/cmake)
-- Using all available rosidl_typesupport_c: rosidl_typesupport_introspection_c;rosidl_typesupport_fastrtps_c
-- Using all available rosidl_typesupport_cpp: rosidl_typesupport_introspection_cpp;rosidl_typesupport_fastrtps_cpp
-- Found rclcpp: 16.0.3 (/home/orin/disk/autodrrt_v2.0/install/rclcpp/share/rclcpp/cmake)
-- Found rmw_implementation_cmake: 6.1.1 (/home/orin/disk/autodrrt_v2.0/install/rmw_implementation_cmake/share/rmw_implementation_cmake/cmake)
-- Found rmw_fastrtps_cpp: 6.2.2 (/home/orin/disk/autodrrt_v2.0/install/rmw_fastrtps_cpp/share/rmw_fastrtps_cpp/cmake)
-- Found OpenSSL: /usr/lib/aarch64-linux-gnu/libcrypto.so (found version "1.1.1f")
-- Found FastRTPS: /home/orin/disk/autodrrt_v2.0/install/fastrtps/include
-- Using RMW implementation 'rmw_fastrtps_cpp' as default
-- Found rclcpp_components: 16.0.3 (/home/orin/disk/autodrrt_v2.0/install/rclcpp_components/share/rclcpp_components/cmake)
-- Configuring done (23.7s)
-- Generating done (0.0s)
-- Build files have been written to: /home/orin/disk/autodrrt_v2.0/src/autodrrt.computing/realtime/gpudirect-dds/build/gpudirect-dds
[ 50%] [32mBuilding CXX object CMakeFiles/talker_component.dir/src/talker_component.cpp.o[0m
[ 50%] [32mBuilding CXX object CMakeFiles/listener_component.dir/src/listener_component.cpp.o[0m
[ 75%] [32m[1mLinking CXX shared library libtalker_component.so[0m
[ 75%] Built target talker_component
[100%] [32m[1mLinking CXX shared library liblistener_component.so[0m
[100%] Built target listener_component
-- Install configuration: ""
-- Installing: /home/orin/disk/autodrrt_v2.0/src/autodrrt.computing/realtime/gpudirect-dds/install/gpudirect-dds/share/gpudirect-dds/environment/library_path.sh
-- Installing: /home/orin/disk/autodrrt_v2.0/src/autodrrt.computing/realtime/gpudirect-dds/install/gpudirect-dds/share/gpudirect-dds/environment/library_path.dsv
-- Installing: /home/orin/disk/autodrrt_v2.0/src/autodrrt.computing/realtime/gpudirect-dds/install/gpudirect-dds/lib/libtalker_component.so
-- Set non-toolchain portion of runtime path of "/home/orin/disk/autodrrt_v2.0/src/autodrrt.computing/realtime/gpudirect-dds/install/gpudirect-dds/lib/libtalker_component.so" to ""
-- Installing: /home/orin/disk/autodrrt_v2.0/src/autodrrt.computing/realtime/gpudirect-dds/install/gpudirect-dds/lib/liblistener_component.so
-- Set non-toolchain portion of runtime path of "/home/orin/disk/autodrrt_v2.0/src/autodrrt.computing/realtime/gpudirect-dds/install/gpudirect-dds/lib/liblistener_component.so" to ""
-- Installing: /home/orin/disk/autodrrt_v2.0/src/autodrrt.computing/realtime/gpudirect-dds/install/gpudirect-dds/share/gpudirect-dds/launch
-- Installing: /home/orin/disk/autodrrt_v2.0/src/autodrrt.computing/realtime/gpudirect-dds/install/gpudirect-dds/share/gpudirect-dds/launch/composition_demo.launch.py
-- Installing: /home/orin/disk/autodrrt_v2.0/src/autodrrt.computing/realtime/gpudirect-dds/install/gpudirect-dds/share/ament_index/resource_index/package_run_dependencies/gpudirect-dds
-- Installing: /home/orin/disk/autodrrt_v2.0/src/autodrrt.computing/realtime/gpudirect-dds/install/gpudirect-dds/share/ament_index/resource_index/parent_prefix_path/gpudirect-dds
-- Installing: /home/orin/disk/autodrrt_v2.0/src/autodrrt.computing/realtime/gpudirect-dds/install/gpudirect-dds/share/gpudirect-dds/environment/ament_prefix_path.sh
-- Installing: /home/orin/disk/autodrrt_v2.0/src/autodrrt.computing/realtime/gpudirect-dds/install/gpudirect-dds/share/gpudirect-dds/environment/ament_prefix_path.dsv
-- Installing: /home/orin/disk/autodrrt_v2.0/src/autodrrt.computing/realtime/gpudirect-dds/install/gpudirect-dds/share/gpudirect-dds/environment/path.sh
-- Installing: /home/orin/disk/autodrrt_v2.0/src/autodrrt.computing/realtime/gpudirect-dds/install/gpudirect-dds/share/gpudirect-dds/environment/path.dsv
-- Installing: /home/orin/disk/autodrrt_v2.0/src/autodrrt.computing/realtime/gpudirect-dds/install/gpudirect-dds/share/gpudirect-dds/local_setup.bash
-- Installing: /home/orin/disk/autodrrt_v2.0/src/autodrrt.computing/realtime/gpudirect-dds/install/gpudirect-dds/share/gpudirect-dds/local_setup.sh
-- Installing: /home/orin/disk/autodrrt_v2.0/src/autodrrt.computing/realtime/gpudirect-dds/install/gpudirect-dds/share/gpudirect-dds/local_setup.zsh
-- Installing: /home/orin/disk/autodrrt_v2.0/src/autodrrt.computing/realtime/gpudirect-dds/install/gpudirect-dds/share/gpudirect-dds/local_setup.dsv
-- Installing: /home/orin/disk/autodrrt_v2.0/src/autodrrt.computing/realtime/gpudirect-dds/install/gpudirect-dds/share/gpudirect-dds/package.dsv
-- Installing: /home/orin/disk/autodrrt_v2.0/src/autodrrt.computing/realtime/gpudirect-dds/install/gpudirect-dds/share/ament_index/resource_index/packages/gpudirect-dds
-- Installing: /home/orin/disk/autodrrt_v2.0/src/autodrrt.computing/realtime/gpudirect-dds/install/gpudirect-dds/share/ament_index/resource_index/rclcpp_components/gpudirect-dds
-- Installing: /home/orin/disk/autodrrt_v2.0/src/autodrrt.computing/realtime/gpudirect-dds/install/gpudirect-dds/share/gpudirect-dds/cmake/gpudirect-ddsConfig.cmake
-- Installing: /home/orin/disk/autodrrt_v2.0/src/autodrrt.computing/realtime/gpudirect-dds/install/gpudirect-dds/share/gpudirect-dds/cmake/gpudirect-ddsConfig-version.cmake
-- Installing: /home/orin/disk/autodrrt_v2.0/src/autodrrt.computing/realtime/gpudirect-dds/install/gpudirect-dds/share/gpudirect-dds/package.xml
