Performing C SOURCE FILE Test CMAKE_HAVE_LIBC_PTHREAD failed with the following output:
Change Dir: /home/orin/disk/demos-humble/io_opt/build/io_opt/CMakeFiles/CMakeTmp

Run Build Command(s):/usr/bin/make -f Makefile cmTC_58d32/fast && /usr/bin/make  -f CMakeFiles/cmTC_58d32.dir/build.make CMakeFiles/cmTC_58d32.dir/build
make[1]: Entering directory '/home/orin/disk/demos-humble/io_opt/build/io_opt/CMakeFiles/CMakeTmp'
Building C object CMakeFiles/cmTC_58d32.dir/src.c.o
/usr/bin/cc -DCMAKE_HAVE_LIBC_PTHREAD  -fPIC  -o CMakeFiles/cmTC_58d32.dir/src.c.o -c /home/orin/disk/demos-humble/io_opt/build/io_opt/CMakeFiles/CMakeTmp/src.c
Linking C executable cmTC_58d32
/usr/local/lib/python3.8/dist-packages/cmake/data/bin/cmake -E cmake_link_script CMakeFiles/cmTC_58d32.dir/link.txt --verbose=1
/usr/bin/cc -fPIC  CMakeFiles/cmTC_58d32.dir/src.c.o -o cmTC_58d32 
/usr/bin/ld: CMakeFiles/cmTC_58d32.dir/src.c.o: in function `main':
src.c:(.text+0x48): undefined reference to `pthread_create'
/usr/bin/ld: src.c:(.text+0x50): undefined reference to `pthread_detach'
/usr/bin/ld: src.c:(.text+0x58): undefined reference to `pthread_cancel'
/usr/bin/ld: src.c:(.text+0x64): undefined reference to `pthread_join'
collect2: error: ld returned 1 exit status
make[1]: *** [CMakeFiles/cmTC_58d32.dir/build.make:99: cmTC_58d32] Error 1
make[1]: Leaving directory '/home/orin/disk/demos-humble/io_opt/build/io_opt/CMakeFiles/CMakeTmp'
make: *** [Makefile:127: cmTC_58d32/fast] Error 2


Source file was:
#include <pthread.h>

static void* test_func(void* data)
{
  return data;
}

int main(void)
{
  pthread_t thread;
  pthread_create(&thread, NULL, test_func, NULL);
  pthread_detach(thread);
  pthread_cancel(thread);
  pthread_join(thread, NULL);
  pthread_atfork(NULL, NULL, NULL);
  pthread_exit(NULL);

  return 0;
}

Determining if the function pthread_create exists in the pthreads failed with the following output:
Change Dir: /home/orin/disk/demos-humble/io_opt/build/io_opt/CMakeFiles/CMakeTmp

Run Build Command(s):/usr/bin/make -f Makefile cmTC_ac2fb/fast && /usr/bin/make  -f CMakeFiles/cmTC_ac2fb.dir/build.make CMakeFiles/cmTC_ac2fb.dir/build
make[1]: Entering directory '/home/orin/disk/demos-humble/io_opt/build/io_opt/CMakeFiles/CMakeTmp'
Building C object CMakeFiles/cmTC_ac2fb.dir/CheckFunctionExists.c.o
/usr/bin/cc   -fPIC -DCHECK_FUNCTION_EXISTS=pthread_create -o CMakeFiles/cmTC_ac2fb.dir/CheckFunctionExists.c.o -c /usr/local/lib/python3.8/dist-packages/cmake/data/share/cmake-3.24/Modules/CheckFunctionExists.c
Linking C executable cmTC_ac2fb
/usr/local/lib/python3.8/dist-packages/cmake/data/bin/cmake -E cmake_link_script CMakeFiles/cmTC_ac2fb.dir/link.txt --verbose=1
/usr/bin/cc -fPIC -DCHECK_FUNCTION_EXISTS=pthread_create CMakeFiles/cmTC_ac2fb.dir/CheckFunctionExists.c.o -o cmTC_ac2fb  -lpthreads 
/usr/bin/ld: cannot find -lpthreads
collect2: error: ld returned 1 exit status
make[1]: *** [CMakeFiles/cmTC_ac2fb.dir/build.make:99: cmTC_ac2fb] Error 1
make[1]: Leaving directory '/home/orin/disk/demos-humble/io_opt/build/io_opt/CMakeFiles/CMakeTmp'
make: *** [Makefile:127: cmTC_ac2fb/fast] Error 2



